[debug] [2020-06-25T14:03:19.029Z] ----------------------------------------------------------------------
[debug] [2020-06-25T14:03:19.031Z] Command:       /usr/local/bin/node /usr/local/bin/firebase serve
[debug] [2020-06-25T14:03:19.031Z] CLI Version:   7.3.2
[debug] [2020-06-25T14:03:19.031Z] Platform:      darwin
[debug] [2020-06-25T14:03:19.031Z] Node Version:  v10.16.0
[debug] [2020-06-25T14:03:19.032Z] Time:          Thu Jun 25 2020 10:03:19 GMT-0400 (Eastern Daylight Time)
[debug] [2020-06-25T14:03:19.032Z] ----------------------------------------------------------------------
[debug] 
[debug] [2020-06-25T14:03:19.041Z] > command requires scopes: ["email","openid","https://www.googleapis.com/auth/cloudplatformprojects.readonly","https://www.googleapis.com/auth/firebase","https://www.googleapis.com/auth/cloud-platform"]
[debug] [2020-06-25T14:03:19.041Z] > authorizing via signed-in user
[debug] [2020-06-25T14:03:19.041Z] [iam] checking project portfolio-bvk for permissions ["firebase.projects.get"]
[debug] [2020-06-25T14:03:19.043Z] > refreshing access token with scopes: ["email","https://www.googleapis.com/auth/cloud-platform","https://www.googleapis.com/auth/cloudplatformprojects.readonly","https://www.googleapis.com/auth/firebase","openid"]
[debug] [2020-06-25T14:03:19.043Z] >>> HTTP REQUEST POST https://www.googleapis.com/oauth2/v3/token  
 <request body omitted>
[debug] [2020-06-25T14:03:19.198Z] <<< HTTP RESPONSE 200
[debug] [2020-06-25T14:03:19.208Z] >>> HTTP REQUEST POST https://cloudresourcemanager.googleapis.com/v1/projects/portfolio-bvk:testIamPermissions  

[debug] [2020-06-25T14:03:19.570Z] <<< HTTP RESPONSE 200
[debug] [2020-06-25T14:03:19.572Z] >>> HTTP REQUEST GET https://firebase.googleapis.com/v1beta1/projects/portfolio-bvk  
 
[debug] [2020-06-25T14:03:19.985Z] <<< HTTP RESPONSE 200
[info] 
[info] === Serving from '/Users/bhaviksingh/Documents/Personal/Active/Website/code'...
[info] 
[debug] [2020-06-25T14:03:19.989Z] >>> HTTP REQUEST GET https://firebase.googleapis.com/v1beta1/projects/portfolio-bvk/webApps/-/config  
 
[debug] [2020-06-25T14:03:20.423Z] <<< HTTP RESPONSE 200
[info] i  hosting: Serving hosting files from: public
[info] ✔  hosting: Local server: http://localhost:5000
